<?xml version="1.0" encoding="UTF-8"?>
<!-- Generated by org.testng.reporters.JUnitReportReporter -->
<testsuite hostname="LAPTOP-POM6KTNO" failures="0" tests="1" name="com.test.testcases.Tc_registration" time="2.673" errors="0" timestamp="2023-06-04T13:30:00 IST" skipped="0">
  <testcase classname="com.test.testcases.Tc_registration" name="verifyregistrationpage" time="2.673"/>
  <system-out/>
</testsuite> <!-- com.test.testcases.Tc_registration -->
